[geetauniversity.com/login.html]
[backblue.gif]
[fade.gif]
[index.html]
[geetauniversity.com/assets/images/favicon3860.png]
[geetauniversity.com/assets/css/fontawesome.css]
[geetauniversity.com/assets/css/feather-icon.css]
[geetauniversity.com/assets/css/bootstrap.css]
[geetauniversity.com/assets/css/animate.css]
[geetauniversity.com/assets/css/responsive.css]
[geetauniversity.com/assets/css/style30f4.css]
[geetauniversity.com/assets/images/logo.png]
[geetauniversity.com/index.html]
[eflow.geetauniversity.com/assets/images/student/student_photograph20231213115031.jpg]
[eflow.geetauniversity.com/assets/images/student/student_217_20231225184352.jpg]
[eflow.geetauniversity.com/assets/images/student/student_795_20231226112811.jpg]
[eflow.geetauniversity.com/assets/images/student/student_photograph20240830113413.jpg]
[eflow.geetauniversity.com/assets/images/student/student_photograph20240903161340.jpg]
[eflow.geetauniversity.com/assets/images/student/student_photograph20240823153924.jpg]
[geetauniversity.com/forgotpassword.html]
[code.jquery.com/ui/1.12.1/jquery-ui.js]
[geetauniversity.com/assets/js/jquery-3.5.1.min.js]
[geetauniversity.com/assets/js/bootstrap/bootstrap.min.js]
[geetauniversity.com/assets/js/bootstrap/popper.min.js]
[geetauniversity.com/assets/js/icons/feather-icon/feather.min.js]
[geetauniversity.com/assets/js/sidebar-menu.js]
[geetauniversity.com/assets/js/tooltip-init.js]
[geetauniversity.com/assets/js/scriptae52.js]
[geetauniversity.com/assets/js/noprint30f4.js]
[geetauniversity.com/assets/js/hmt_custom.js]
[geetauniversity.com/login.html]
[geetauniversity.com/assets/fonts/font-awesome/fontawesome-webfontd41d.eot]
[geetauniversity.com/assets/fonts/font-awesome/fontawesome-webfont3e6e.woff2]
[geetauniversity.com/assets/fonts/font-awesome/fontawesome-webfont3e6e.eot]
[geetauniversity.com/assets/fonts/font-awesome/fontawesome-webfont3e6e.woff]
[geetauniversity.com/assets/fonts/font-awesome/fontawesome-webfont3e6e.ttf]
[geetauniversity.com/assets/css/fontawesome.css]
[geetauniversity.com/assets/css/feather-icon.css]
[geetauniversity.com/assets/css/bootstrap.css]
[geetauniversity.com/assets/fonts/font-awesome/fontawesome-webfont3e6e.svg]
[geetauniversity.com/assets/images/details_open.png]
[geetauniversity.com/assets/images/details_close.png]
[geetauniversity.com/assets/images/bg.jpg]
[geetauniversity.com/assets/css/style30f4.css]
[geetauniversity.com/assets/css/animate.css]
[geetauniversity.com/assets/css/responsive.css]
[geetauniversity.com/index.html]
[geetauniversity.com/forgotpassword.html]
[geetauniversity.com/assets/js/jquery-3.5.1.min.js]
[geetauniversity.com/assets/js/bootstrap/popper.min.js]
[geetauniversity.com/assets/js/bootstrap/bootstrap.min.js]
[geetauniversity.com/assets/js/icons/feather-icon/feather.min.js]
[geetauniversity.com/assets/js/icons/feather-icon/feather-icon.js]
[geetauniversity.com/assets/js/sidebar-menu.js]
[geetauniversity.com/assets/js/tooltip-init.js]
[geetauniversity.com/assets/js/scriptae52.js]
[geetauniversity.com/assets/js/noprint30f4.js]
[geetauniversity.com/assets/js/hmt_custom.js]
[geetauniversity.com/assets/fonts/font-awesome/fontawesome-webfont3e6e.svg]
[geetauniversity.com/assets/images/other-images/maintenance-bg.jpg]
[geetauniversity.com/assets/images/other-images/coming-soon-bg.jpg]
[geetauniversity.com/assets/images/sidebar-pattern/1.png]
[geetauniversity.com/assets/images/sidebar-image/1.jpg]
[geetauniversity.com/assets/images/sidebar-pattern/2.png]
[geetauniversity.com/assets/images/sidebar-image/2.jpg]
[geetauniversity.com/assets/images/sidebar-pattern/3.png]
[geetauniversity.com/assets/images/sidebar-image/3.jpg]
[geetauniversity.com/assets/images/sidebar-pattern/4.png]
[geetauniversity.com/assets/images/sidebar-image/4.jpg]
[geetauniversity.com/assets/images/sidebar-pattern/5.png]
[geetauniversity.com/assets/images/sidebar-image/5.jpg]
[geetauniversity.com/assets/images/sidebar-pattern/6.png]
[geetauniversity.com/assets/images/sidebar-image/6.jpg]
[geetauniversity.com/assets/images/other-images/mobile-clock-wallpaper.jpg]
[geetauniversity.com/assets/images/other-images/clock-face.png]
[geetauniversity.com/assets/images/sec.svg]
[geetauniversity.com/assets/images/min.svg]
[geetauniversity.com/assets/images/hour.svg]
[geetauniversity.com/assets/images/other-images/calender-bg.png]
[geetauniversity.com/assets/images/dashboard-2/target1.png]
